<?xml version="1.0" encoding="UTF-8"?>
<testng-results ignored="0" total="1" passed="1" failed="0" skipped="0">
  <reporter-output>
  </reporter-output>
  <suite started-at="2022-04-06T16:19:49 GMT-07:00" name="Surefire suite" finished-at="2022-04-06T16:19:49 GMT-07:00" duration-ms="207">
    <groups>
    </groups>
    <test started-at="2022-04-06T16:19:49 GMT-07:00" name="Surefire test" finished-at="2022-04-06T16:19:49 GMT-07:00" duration-ms="207">
      <class name="wwcsv.ChapterToolsProject.AppTest">
        <test-method signature="shouldAnswerWithTrue()" started-at="2022-04-06T16:19:49 GMT-07:00" name="shouldAnswerWithTrue" finished-at="2022-04-06T16:19:49 GMT-07:00" duration-ms="27" status="PASS">
          <reporter-output>
          </reporter-output>
        </test-method> <!-- shouldAnswerWithTrue -->
      </class> <!-- wwcsv.ChapterToolsProject.AppTest -->
    </test> <!-- Surefire test -->
  </suite> <!-- Surefire suite -->
</testng-results>
